<?xml version="1.0" encoding="UTF-8"?>
<testsuite xmlns:xsi="http://www.w3.org/2001/XMLSchema-instance" xsi:noNamespaceSchemaLocation="https://maven.apache.org/surefire/maven-surefire-plugin/xsd/surefire-test-report.xsd" name="bdb226.AppTest" time="0.024" tests="1" errors="0" skipped="0" failures="0">
  <properties>
    <property name="java.specification.version" value="21"/>
    <property name="sun.cpu.isalist" value="amd64"/>
    <property name="sun.jnu.encoding" value="Cp1252"/>
    <property name="java.class.path" value="C:\Users\bdbad\Projects\DND_Website\backend\target\test-classes;C:\Users\bdbad\Projects\DND_Website\backend\target\classes;C:\Users\bdbad\.m2\repository\io\javalin\javalin\6.3.0\javalin-6.3.0.jar;C:\Users\bdbad\.m2\repository\org\slf4j\slf4j-api\2.0.16\slf4j-api-2.0.16.jar;C:\Users\bdbad\.m2\repository\org\eclipse\jetty\jetty-server\11.0.23\jetty-server-11.0.23.jar;C:\Users\bdbad\.m2\repository\org\eclipse\jetty\jetty-http\11.0.23\jetty-http-11.0.23.jar;C:\Users\bdbad\.m2\repository\org\eclipse\jetty\jetty-util\11.0.23\jetty-util-11.0.23.jar;C:\Users\bdbad\.m2\repository\org\eclipse\jetty\jetty-io\11.0.23\jetty-io-11.0.23.jar;C:\Users\bdbad\.m2\repository\org\eclipse\jetty\toolchain\jetty-jakarta-servlet-api\5.0.2\jetty-jakarta-servlet-api-5.0.2.jar;C:\Users\bdbad\.m2\repository\org\eclipse\jetty\websocket\websocket-jetty-server\11.0.23\websocket-jetty-server-11.0.23.jar;C:\Users\bdbad\.m2\repository\org\eclipse\jetty\jetty-servlet\11.0.23\jetty-servlet-11.0.23.jar;C:\Users\bdbad\.m2\repository\org\eclipse\jetty\jetty-security\11.0.23\jetty-security-11.0.23.jar;C:\Users\bdbad\.m2\repository\org\eclipse\jetty\jetty-webapp\11.0.23\jetty-webapp-11.0.23.jar;C:\Users\bdbad\.m2\repository\org\eclipse\jetty\jetty-xml\11.0.23\jetty-xml-11.0.23.jar;C:\Users\bdbad\.m2\repository\org\eclipse\jetty\websocket\websocket-jetty-api\11.0.23\websocket-jetty-api-11.0.23.jar;C:\Users\bdbad\.m2\repository\org\eclipse\jetty\websocket\websocket-jetty-common\11.0.23\websocket-jetty-common-11.0.23.jar;C:\Users\bdbad\.m2\repository\org\eclipse\jetty\websocket\websocket-core-common\11.0.23\websocket-core-common-11.0.23.jar;C:\Users\bdbad\.m2\repository\org\eclipse\jetty\websocket\websocket-servlet\11.0.23\websocket-servlet-11.0.23.jar;C:\Users\bdbad\.m2\repository\org\eclipse\jetty\websocket\websocket-core-server\11.0.23\websocket-core-server-11.0.23.jar;C:\Users\bdbad\.m2\repository\org\jetbrains\kotlin\kotlin-stdlib-jdk8\1.9.25\kotlin-stdlib-jdk8-1.9.25.jar;C:\Users\bdbad\.m2\repository\org\jetbrains\kotlin\kotlin-stdlib\1.9.25\kotlin-stdlib-1.9.25.jar;C:\Users\bdbad\.m2\repository\org\jetbrains\annotations\13.0\annotations-13.0.jar;C:\Users\bdbad\.m2\repository\org\jetbrains\kotlin\kotlin-stdlib-jdk7\1.9.25\kotlin-stdlib-jdk7-1.9.25.jar;C:\Users\bdbad\.m2\repository\org\apache\maven\plugins\maven-javadoc-plugin\3.10.1\maven-javadoc-plugin-3.10.1.jar;C:\Users\bdbad\.m2\repository\org\apache\maven\resolver\maven-resolver-util\1.4.1\maven-resolver-util-1.4.1.jar;C:\Users\bdbad\.m2\repository\org\apache\maven\resolver\maven-resolver-api\1.4.1\maven-resolver-api-1.4.1.jar;C:\Users\bdbad\.m2\repository\javax\inject\javax.inject\1\javax.inject-1.jar;C:\Users\bdbad\.m2\repository\org\apache\maven\reporting\maven-reporting-api\4.0.0-M12\maven-reporting-api-4.0.0-M12.jar;C:\Users\bdbad\.m2\repository\org\apache\maven\maven-archiver\3.6.2\maven-archiver-3.6.2.jar;C:\Users\bdbad\.m2\repository\org\codehaus\plexus\plexus-interpolation\1.27\plexus-interpolation-1.27.jar;C:\Users\bdbad\.m2\repository\org\apache\maven\shared\maven-invoker\3.3.0\maven-invoker-3.3.0.jar;C:\Users\bdbad\.m2\repository\org\apache\maven\shared\maven-shared-utils\3.4.2\maven-shared-utils-3.4.2.jar;C:\Users\bdbad\.m2\repository\org\apache\maven\shared\maven-common-artifact-filters\3.4.0\maven-common-artifact-filters-3.4.0.jar;C:\Users\bdbad\.m2\repository\org\apache\maven\doxia\doxia-sink-api\2.0.0-M12\doxia-sink-api-2.0.0-M12.jar;C:\Users\bdbad\.m2\repository\org\apache\maven\doxia\doxia-site-renderer\2.0.0-M19\doxia-site-renderer-2.0.0-M19.jar;C:\Users\bdbad\.m2\repository\org\apache\maven\doxia\doxia-core\2.0.0-M12\doxia-core-2.0.0-M12.jar;C:\Users\bdbad\.m2\repository\org\apache\maven\doxia\doxia-site-model\2.0.0-M19\doxia-site-model-2.0.0-M19.jar;C:\Users\bdbad\.m2\repository\org\apache\maven\doxia\doxia-skin-model\2.0.0-M19\doxia-skin-model-2.0.0-M19.jar;C:\Users\bdbad\.m2\repository\org\apache\maven\doxia\doxia-module-xhtml5\2.0.0-M12\doxia-module-xhtml5-2.0.0-M12.jar;C:\Users\bdbad\.m2\repository\org\eclipse\sisu\org.eclipse.sisu.plexus\0.9.0.M2\org.eclipse.sisu.plexus-0.9.0.M2.jar;C:\Users\bdbad\.m2\repository\javax\annotation\javax.annotation-api\1.2\javax.annotation-api-1.2.jar;C:\Users\bdbad\.m2\repository\javax\enterprise\cdi-api\1.2\cdi-api-1.2.jar;C:\Users\bdbad\.m2\repository\org\eclipse\sisu\org.eclipse.sisu.inject\0.9.0.M2\org.eclipse.sisu.inject-0.9.0.M2.jar;C:\Users\bdbad\.m2\repository\org\codehaus\plexus\plexus-component-annotations\2.1.0\plexus-component-annotations-2.1.0.jar;C:\Users\bdbad\.m2\repository\org\codehaus\plexus\plexus-classworlds\2.6.0\plexus-classworlds-2.6.0.jar;C:\Users\bdbad\.m2\repository\org\codehaus\plexus\plexus-velocity\2.1.0\plexus-velocity-2.1.0.jar;C:\Users\bdbad\.m2\repository\org\apache\velocity\velocity-engine-core\2.3\velocity-engine-core-2.3.jar;C:\Users\bdbad\.m2\repository\org\apache\velocity\tools\velocity-tools-generic\3.1\velocity-tools-generic-3.1.jar;C:\Users\bdbad\.m2\repository\commons-beanutils\commons-beanutils\1.9.4\commons-beanutils-1.9.4.jar;C:\Users\bdbad\.m2\repository\commons-collections\commons-collections\3.2.2\commons-collections-3.2.2.jar;C:\Users\bdbad\.m2\repository\org\apache\commons\commons-digester3\3.2\commons-digester3-3.2.jar;C:\Users\bdbad\.m2\repository\com\github\cliftonlabs\json-simple\3.0.2\json-simple-3.0.2.jar;C:\Users\bdbad\.m2\repository\org\apache\maven\doxia\doxia-integration-tools\2.0.0-M19\doxia-integration-tools-2.0.0-M19.jar;C:\Users\bdbad\.m2\repository\org\codehaus\plexus\plexus-i18n\1.0-beta-10\plexus-i18n-1.0-beta-10.jar;C:\Users\bdbad\.m2\repository\org\apache\maven\wagon\wagon-provider-api\3.5.3\wagon-provider-api-3.5.3.jar;C:\Users\bdbad\.m2\repository\org\apache\commons\commons-lang3\3.17.0\commons-lang3-3.17.0.jar;C:\Users\bdbad\.m2\repository\org\apache\commons\commons-text\1.12.0\commons-text-1.12.0.jar;C:\Users\bdbad\.m2\repository\org\apache\httpcomponents\httpclient\4.5.14\httpclient-4.5.14.jar;C:\Users\bdbad\.m2\repository\commons-logging\commons-logging\1.2\commons-logging-1.2.jar;C:\Users\bdbad\.m2\repository\org\apache\httpcomponents\httpcore\4.4.16\httpcore-4.4.16.jar;C:\Users\bdbad\.m2\repository\com\thoughtworks\qdox\qdox\2.1.0\qdox-2.1.0.jar;C:\Users\bdbad\.m2\repository\org\codehaus\plexus\plexus-java\1.2.0\plexus-java-1.2.0.jar;C:\Users\bdbad\.m2\repository\org\ow2\asm\asm\9.6\asm-9.6.jar;C:\Users\bdbad\.m2\repository\org\codehaus\plexus\plexus-utils\4.0.2\plexus-utils-4.0.2.jar;C:\Users\bdbad\.m2\repository\org\codehaus\plexus\plexus-xml\3.0.1\plexus-xml-3.0.1.jar;C:\Users\bdbad\.m2\repository\org\codehaus\plexus\plexus-io\3.5.1\plexus-io-3.5.1.jar;C:\Users\bdbad\.m2\repository\org\codehaus\plexus\plexus-archiver\4.10.0\plexus-archiver-4.10.0.jar;C:\Users\bdbad\.m2\repository\org\apache\commons\commons-compress\1.26.2\commons-compress-1.26.2.jar;C:\Users\bdbad\.m2\repository\io\airlift\aircompressor\0.27\aircompressor-0.27.jar;C:\Users\bdbad\.m2\repository\org\tukaani\xz\1.9\xz-1.9.jar;C:\Users\bdbad\.m2\repository\com\github\luben\zstd-jni\1.5.6-3\zstd-jni-1.5.6-3.jar;C:\Users\bdbad\.m2\repository\commons-io\commons-io\2.17.0\commons-io-2.17.0.jar;C:\Users\bdbad\.m2\repository\org\codehaus\plexus\plexus-interactivity-api\1.3\plexus-interactivity-api-1.3.jar;C:\Users\bdbad\.m2\repository\com\google\code\gson\gson\2.11.0\gson-2.11.0.jar;C:\Users\bdbad\.m2\repository\com\google\errorprone\error_prone_annotations\2.27.0\error_prone_annotations-2.27.0.jar;C:\Users\bdbad\.m2\repository\org\postgresql\postgresql\42.7.3\postgresql-42.7.3.jar;C:\Users\bdbad\.m2\repository\org\checkerframework\checker-qual\3.42.0\checker-qual-3.42.0.jar;C:\Users\bdbad\.m2\repository\org\slf4j\slf4j-simple\2.0.16\slf4j-simple-2.0.16.jar;C:\Users\bdbad\.m2\repository\junit\junit\3.8.1\junit-3.8.1.jar;C:\Users\bdbad\.m2\repository\com\google\api-client\google-api-client\2.1.2\google-api-client-2.1.2.jar;C:\Users\bdbad\.m2\repository\commons-codec\commons-codec\1.15\commons-codec-1.15.jar;C:\Users\bdbad\.m2\repository\com\google\guava\guava\31.1-jre\guava-31.1-jre.jar;C:\Users\bdbad\.m2\repository\com\google\guava\failureaccess\1.0.1\failureaccess-1.0.1.jar;C:\Users\bdbad\.m2\repository\com\google\guava\listenablefuture\9999.0-empty-to-avoid-conflict-with-guava\listenablefuture-9999.0-empty-to-avoid-conflict-with-guava.jar;C:\Users\bdbad\.m2\repository\com\google\j2objc\j2objc-annotations\1.3\j2objc-annotations-1.3.jar;C:\Users\bdbad\.m2\repository\com\google\http-client\google-http-client-apache-v2\1.42.3\google-http-client-apache-v2-1.42.3.jar;C:\Users\bdbad\.m2\repository\com\google\http-client\google-http-client\1.42.3\google-http-client-1.42.3.jar;C:\Users\bdbad\.m2\repository\io\opencensus\opencensus-api\0.31.1\opencensus-api-0.31.1.jar;C:\Users\bdbad\.m2\repository\io\grpc\grpc-context\1.27.2\grpc-context-1.27.2.jar;C:\Users\bdbad\.m2\repository\io\opencensus\opencensus-contrib-http-util\0.31.1\opencensus-contrib-http-util-0.31.1.jar;C:\Users\bdbad\.m2\repository\com\google\apis\google-api-services-drive\v3-rev20241027-2.0.0\google-api-services-drive-v3-rev20241027-2.0.0.jar;C:\Users\bdbad\.m2\repository\com\google\oauth-client\google-oauth-client\1.34.1\google-oauth-client-1.34.1.jar;C:\Users\bdbad\.m2\repository\com\google\http-client\google-http-client-gson\1.40.1\google-http-client-gson-1.40.1.jar;C:\Users\bdbad\.m2\repository\com\google\auth\google-auth-library-oauth2-http\1.15.0\google-auth-library-oauth2-http-1.15.0.jar;C:\Users\bdbad\.m2\repository\com\google\auto\value\auto-value-annotations\1.10.1\auto-value-annotations-1.10.1.jar;C:\Users\bdbad\.m2\repository\com\google\code\findbugs\jsr305\3.0.2\jsr305-3.0.2.jar;C:\Users\bdbad\.m2\repository\com\google\auth\google-auth-library-credentials\1.15.0\google-auth-library-credentials-1.15.0.jar;C:\Users\bdbad\.m2\repository\com\googlecode\xmemcached\xmemcached\2.4.6\xmemcached-2.4.6.jar;"/>
    <property name="java.vm.vendor" value="Eclipse Adoptium"/>
    <property name="sun.arch.data.model" value="64"/>
    <property name="user.variant" value=""/>
    <property name="java.vendor.url" value="https://adoptium.net/"/>
    <property name="user.timezone" value="America/New_York"/>
    <property name="os.name" value="Windows 11"/>
    <property name="java.vm.specification.version" value="21"/>
    <property name="sun.java.launcher" value="SUN_STANDARD"/>
    <property name="user.country" value="US"/>
    <property name="sun.boot.library.path" value="C:\Program Files\Eclipse Adoptium\jdk-21.0.4.7-hotspot\bin"/>
    <property name="sun.java.command" value="C:\Users\bdbad\AppData\Local\Temp\surefire2993696284085726569\surefirebooter12378947885108024032.jar C:\Users\bdbad\AppData\Local\Temp\surefire2993696284085726569 2024-12-22T20-11-41_350-jvmRun1 surefire2404732926845333928tmp surefire_015736793844278590264tmp"/>
    <property name="jdk.debug" value="release"/>
    <property name="surefire.test.class.path" value="C:\Users\bdbad\Projects\DND_Website\backend\target\test-classes;C:\Users\bdbad\Projects\DND_Website\backend\target\classes;C:\Users\bdbad\.m2\repository\io\javalin\javalin\6.3.0\javalin-6.3.0.jar;C:\Users\bdbad\.m2\repository\org\slf4j\slf4j-api\2.0.16\slf4j-api-2.0.16.jar;C:\Users\bdbad\.m2\repository\org\eclipse\jetty\jetty-server\11.0.23\jetty-server-11.0.23.jar;C:\Users\bdbad\.m2\repository\org\eclipse\jetty\jetty-http\11.0.23\jetty-http-11.0.23.jar;C:\Users\bdbad\.m2\repository\org\eclipse\jetty\jetty-util\11.0.23\jetty-util-11.0.23.jar;C:\Users\bdbad\.m2\repository\org\eclipse\jetty\jetty-io\11.0.23\jetty-io-11.0.23.jar;C:\Users\bdbad\.m2\repository\org\eclipse\jetty\toolchain\jetty-jakarta-servlet-api\5.0.2\jetty-jakarta-servlet-api-5.0.2.jar;C:\Users\bdbad\.m2\repository\org\eclipse\jetty\websocket\websocket-jetty-server\11.0.23\websocket-jetty-server-11.0.23.jar;C:\Users\bdbad\.m2\repository\org\eclipse\jetty\jetty-servlet\11.0.23\jetty-servlet-11.0.23.jar;C:\Users\bdbad\.m2\repository\org\eclipse\jetty\jetty-security\11.0.23\jetty-security-11.0.23.jar;C:\Users\bdbad\.m2\repository\org\eclipse\jetty\jetty-webapp\11.0.23\jetty-webapp-11.0.23.jar;C:\Users\bdbad\.m2\repository\org\eclipse\jetty\jetty-xml\11.0.23\jetty-xml-11.0.23.jar;C:\Users\bdbad\.m2\repository\org\eclipse\jetty\websocket\websocket-jetty-api\11.0.23\websocket-jetty-api-11.0.23.jar;C:\Users\bdbad\.m2\repository\org\eclipse\jetty\websocket\websocket-jetty-common\11.0.23\websocket-jetty-common-11.0.23.jar;C:\Users\bdbad\.m2\repository\org\eclipse\jetty\websocket\websocket-core-common\11.0.23\websocket-core-common-11.0.23.jar;C:\Users\bdbad\.m2\repository\org\eclipse\jetty\websocket\websocket-servlet\11.0.23\websocket-servlet-11.0.23.jar;C:\Users\bdbad\.m2\repository\org\eclipse\jetty\websocket\websocket-core-server\11.0.23\websocket-core-server-11.0.23.jar;C:\Users\bdbad\.m2\repository\org\jetbrains\kotlin\kotlin-stdlib-jdk8\1.9.25\kotlin-stdlib-jdk8-1.9.25.jar;C:\Users\bdbad\.m2\repository\org\jetbrains\kotlin\kotlin-stdlib\1.9.25\kotlin-stdlib-1.9.25.jar;C:\Users\bdbad\.m2\repository\org\jetbrains\annotations\13.0\annotations-13.0.jar;C:\Users\bdbad\.m2\repository\org\jetbrains\kotlin\kotlin-stdlib-jdk7\1.9.25\kotlin-stdlib-jdk7-1.9.25.jar;C:\Users\bdbad\.m2\repository\org\apache\maven\plugins\maven-javadoc-plugin\3.10.1\maven-javadoc-plugin-3.10.1.jar;C:\Users\bdbad\.m2\repository\org\apache\maven\resolver\maven-resolver-util\1.4.1\maven-resolver-util-1.4.1.jar;C:\Users\bdbad\.m2\repository\org\apache\maven\resolver\maven-resolver-api\1.4.1\maven-resolver-api-1.4.1.jar;C:\Users\bdbad\.m2\repository\javax\inject\javax.inject\1\javax.inject-1.jar;C:\Users\bdbad\.m2\repository\org\apache\maven\reporting\maven-reporting-api\4.0.0-M12\maven-reporting-api-4.0.0-M12.jar;C:\Users\bdbad\.m2\repository\org\apache\maven\maven-archiver\3.6.2\maven-archiver-3.6.2.jar;C:\Users\bdbad\.m2\repository\org\codehaus\plexus\plexus-interpolation\1.27\plexus-interpolation-1.27.jar;C:\Users\bdbad\.m2\repository\org\apache\maven\shared\maven-invoker\3.3.0\maven-invoker-3.3.0.jar;C:\Users\bdbad\.m2\repository\org\apache\maven\shared\maven-shared-utils\3.4.2\maven-shared-utils-3.4.2.jar;C:\Users\bdbad\.m2\repository\org\apache\maven\shared\maven-common-artifact-filters\3.4.0\maven-common-artifact-filters-3.4.0.jar;C:\Users\bdbad\.m2\repository\org\apache\maven\doxia\doxia-sink-api\2.0.0-M12\doxia-sink-api-2.0.0-M12.jar;C:\Users\bdbad\.m2\repository\org\apache\maven\doxia\doxia-site-renderer\2.0.0-M19\doxia-site-renderer-2.0.0-M19.jar;C:\Users\bdbad\.m2\repository\org\apache\maven\doxia\doxia-core\2.0.0-M12\doxia-core-2.0.0-M12.jar;C:\Users\bdbad\.m2\repository\org\apache\maven\doxia\doxia-site-model\2.0.0-M19\doxia-site-model-2.0.0-M19.jar;C:\Users\bdbad\.m2\repository\org\apache\maven\doxia\doxia-skin-model\2.0.0-M19\doxia-skin-model-2.0.0-M19.jar;C:\Users\bdbad\.m2\repository\org\apache\maven\doxia\doxia-module-xhtml5\2.0.0-M12\doxia-module-xhtml5-2.0.0-M12.jar;C:\Users\bdbad\.m2\repository\org\eclipse\sisu\org.eclipse.sisu.plexus\0.9.0.M2\org.eclipse.sisu.plexus-0.9.0.M2.jar;C:\Users\bdbad\.m2\repository\javax\annotation\javax.annotation-api\1.2\javax.annotation-api-1.2.jar;C:\Users\bdbad\.m2\repository\javax\enterprise\cdi-api\1.2\cdi-api-1.2.jar;C:\Users\bdbad\.m2\repository\org\eclipse\sisu\org.eclipse.sisu.inject\0.9.0.M2\org.eclipse.sisu.inject-0.9.0.M2.jar;C:\Users\bdbad\.m2\repository\org\codehaus\plexus\plexus-component-annotations\2.1.0\plexus-component-annotations-2.1.0.jar;C:\Users\bdbad\.m2\repository\org\codehaus\plexus\plexus-classworlds\2.6.0\plexus-classworlds-2.6.0.jar;C:\Users\bdbad\.m2\repository\org\codehaus\plexus\plexus-velocity\2.1.0\plexus-velocity-2.1.0.jar;C:\Users\bdbad\.m2\repository\org\apache\velocity\velocity-engine-core\2.3\velocity-engine-core-2.3.jar;C:\Users\bdbad\.m2\repository\org\apache\velocity\tools\velocity-tools-generic\3.1\velocity-tools-generic-3.1.jar;C:\Users\bdbad\.m2\repository\commons-beanutils\commons-beanutils\1.9.4\commons-beanutils-1.9.4.jar;C:\Users\bdbad\.m2\repository\commons-collections\commons-collections\3.2.2\commons-collections-3.2.2.jar;C:\Users\bdbad\.m2\repository\org\apache\commons\commons-digester3\3.2\commons-digester3-3.2.jar;C:\Users\bdbad\.m2\repository\com\github\cliftonlabs\json-simple\3.0.2\json-simple-3.0.2.jar;C:\Users\bdbad\.m2\repository\org\apache\maven\doxia\doxia-integration-tools\2.0.0-M19\doxia-integration-tools-2.0.0-M19.jar;C:\Users\bdbad\.m2\repository\org\codehaus\plexus\plexus-i18n\1.0-beta-10\plexus-i18n-1.0-beta-10.jar;C:\Users\bdbad\.m2\repository\org\apache\maven\wagon\wagon-provider-api\3.5.3\wagon-provider-api-3.5.3.jar;C:\Users\bdbad\.m2\repository\org\apache\commons\commons-lang3\3.17.0\commons-lang3-3.17.0.jar;C:\Users\bdbad\.m2\repository\org\apache\commons\commons-text\1.12.0\commons-text-1.12.0.jar;C:\Users\bdbad\.m2\repository\org\apache\httpcomponents\httpclient\4.5.14\httpclient-4.5.14.jar;C:\Users\bdbad\.m2\repository\commons-logging\commons-logging\1.2\commons-logging-1.2.jar;C:\Users\bdbad\.m2\repository\org\apache\httpcomponents\httpcore\4.4.16\httpcore-4.4.16.jar;C:\Users\bdbad\.m2\repository\com\thoughtworks\qdox\qdox\2.1.0\qdox-2.1.0.jar;C:\Users\bdbad\.m2\repository\org\codehaus\plexus\plexus-java\1.2.0\plexus-java-1.2.0.jar;C:\Users\bdbad\.m2\repository\org\ow2\asm\asm\9.6\asm-9.6.jar;C:\Users\bdbad\.m2\repository\org\codehaus\plexus\plexus-utils\4.0.2\plexus-utils-4.0.2.jar;C:\Users\bdbad\.m2\repository\org\codehaus\plexus\plexus-xml\3.0.1\plexus-xml-3.0.1.jar;C:\Users\bdbad\.m2\repository\org\codehaus\plexus\plexus-io\3.5.1\plexus-io-3.5.1.jar;C:\Users\bdbad\.m2\repository\org\codehaus\plexus\plexus-archiver\4.10.0\plexus-archiver-4.10.0.jar;C:\Users\bdbad\.m2\repository\org\apache\commons\commons-compress\1.26.2\commons-compress-1.26.2.jar;C:\Users\bdbad\.m2\repository\io\airlift\aircompressor\0.27\aircompressor-0.27.jar;C:\Users\bdbad\.m2\repository\org\tukaani\xz\1.9\xz-1.9.jar;C:\Users\bdbad\.m2\repository\com\github\luben\zstd-jni\1.5.6-3\zstd-jni-1.5.6-3.jar;C:\Users\bdbad\.m2\repository\commons-io\commons-io\2.17.0\commons-io-2.17.0.jar;C:\Users\bdbad\.m2\repository\org\codehaus\plexus\plexus-interactivity-api\1.3\plexus-interactivity-api-1.3.jar;C:\Users\bdbad\.m2\repository\com\google\code\gson\gson\2.11.0\gson-2.11.0.jar;C:\Users\bdbad\.m2\repository\com\google\errorprone\error_prone_annotations\2.27.0\error_prone_annotations-2.27.0.jar;C:\Users\bdbad\.m2\repository\org\postgresql\postgresql\42.7.3\postgresql-42.7.3.jar;C:\Users\bdbad\.m2\repository\org\checkerframework\checker-qual\3.42.0\checker-qual-3.42.0.jar;C:\Users\bdbad\.m2\repository\org\slf4j\slf4j-simple\2.0.16\slf4j-simple-2.0.16.jar;C:\Users\bdbad\.m2\repository\junit\junit\3.8.1\junit-3.8.1.jar;C:\Users\bdbad\.m2\repository\com\google\api-client\google-api-client\2.1.2\google-api-client-2.1.2.jar;C:\Users\bdbad\.m2\repository\commons-codec\commons-codec\1.15\commons-codec-1.15.jar;C:\Users\bdbad\.m2\repository\com\google\guava\guava\31.1-jre\guava-31.1-jre.jar;C:\Users\bdbad\.m2\repository\com\google\guava\failureaccess\1.0.1\failureaccess-1.0.1.jar;C:\Users\bdbad\.m2\repository\com\google\guava\listenablefuture\9999.0-empty-to-avoid-conflict-with-guava\listenablefuture-9999.0-empty-to-avoid-conflict-with-guava.jar;C:\Users\bdbad\.m2\repository\com\google\j2objc\j2objc-annotations\1.3\j2objc-annotations-1.3.jar;C:\Users\bdbad\.m2\repository\com\google\http-client\google-http-client-apache-v2\1.42.3\google-http-client-apache-v2-1.42.3.jar;C:\Users\bdbad\.m2\repository\com\google\http-client\google-http-client\1.42.3\google-http-client-1.42.3.jar;C:\Users\bdbad\.m2\repository\io\opencensus\opencensus-api\0.31.1\opencensus-api-0.31.1.jar;C:\Users\bdbad\.m2\repository\io\grpc\grpc-context\1.27.2\grpc-context-1.27.2.jar;C:\Users\bdbad\.m2\repository\io\opencensus\opencensus-contrib-http-util\0.31.1\opencensus-contrib-http-util-0.31.1.jar;C:\Users\bdbad\.m2\repository\com\google\apis\google-api-services-drive\v3-rev20241027-2.0.0\google-api-services-drive-v3-rev20241027-2.0.0.jar;C:\Users\bdbad\.m2\repository\com\google\oauth-client\google-oauth-client\1.34.1\google-oauth-client-1.34.1.jar;C:\Users\bdbad\.m2\repository\com\google\http-client\google-http-client-gson\1.40.1\google-http-client-gson-1.40.1.jar;C:\Users\bdbad\.m2\repository\com\google\auth\google-auth-library-oauth2-http\1.15.0\google-auth-library-oauth2-http-1.15.0.jar;C:\Users\bdbad\.m2\repository\com\google\auto\value\auto-value-annotations\1.10.1\auto-value-annotations-1.10.1.jar;C:\Users\bdbad\.m2\repository\com\google\code\findbugs\jsr305\3.0.2\jsr305-3.0.2.jar;C:\Users\bdbad\.m2\repository\com\google\auth\google-auth-library-credentials\1.15.0\google-auth-library-credentials-1.15.0.jar;C:\Users\bdbad\.m2\repository\com\googlecode\xmemcached\xmemcached\2.4.6\xmemcached-2.4.6.jar;"/>
    <property name="sun.cpu.endian" value="little"/>
    <property name="user.home" value="C:\Users\bdbad"/>
    <property name="user.language" value="en"/>
    <property name="java.specification.vendor" value="Oracle Corporation"/>
    <property name="java.version.date" value="2024-07-16"/>
    <property name="java.home" value="C:\Program Files\Eclipse Adoptium\jdk-21.0.4.7-hotspot"/>
    <property name="file.separator" value="\"/>
    <property name="basedir" value="C:\Users\bdbad\Projects\DND_Website\backend"/>
    <property name="java.vm.compressedOopsMode" value="Zero based"/>
    <property name="line.separator" value="&#10;"/>
    <property name="java.vm.specification.vendor" value="Oracle Corporation"/>
    <property name="java.specification.name" value="Java Platform API Specification"/>
    <property name="surefire.real.class.path" value="C:\Users\bdbad\AppData\Local\Temp\surefire2993696284085726569\surefirebooter12378947885108024032.jar"/>
    <property name="user.script" value=""/>
    <property name="sun.management.compiler" value="HotSpot 64-Bit Tiered Compilers"/>
    <property name="java.runtime.version" value="21.0.4+7-LTS"/>
    <property name="user.name" value="bdbad"/>
    <property name="stdout.encoding" value="Cp1252"/>
    <property name="path.separator" value=";"/>
    <property name="os.version" value="10.0"/>
    <property name="java.runtime.name" value="OpenJDK Runtime Environment"/>
    <property name="file.encoding" value="UTF-8"/>
    <property name="java.vm.name" value="OpenJDK 64-Bit Server VM"/>
    <property name="java.vendor.version" value="Temurin-21.0.4+7"/>
    <property name="localRepository" value="C:\Users\bdbad\.m2\repository"/>
    <property name="java.vendor.url.bug" value="https://github.com/adoptium/adoptium-support/issues"/>
    <property name="java.io.tmpdir" value="C:\Users\bdbad\AppData\Local\Temp\"/>
    <property name="java.version" value="21.0.4"/>
    <property name="user.dir" value="C:\Users\bdbad\Projects\DND_Website\backend"/>
    <property name="os.arch" value="amd64"/>
    <property name="java.vm.specification.name" value="Java Virtual Machine Specification"/>
    <property name="sun.os.patch.level" value=""/>
    <property name="native.encoding" value="Cp1252"/>
    <property name="java.library.path" value="C:\Program Files\Eclipse Adoptium\jdk-21.0.4.7-hotspot\bin;C:\WINDOWS\Sun\Java\bin;C:\WINDOWS\system32;C:\WINDOWS;C:\Users\bdbad\bin;C:\Program Files\Git\mingw64\bin;C:\Program Files\Git\usr\local\bin;C:\Program Files\Git\usr\bin;C:\Program Files\Git\usr\bin;C:\Program Files\Git\mingw64\bin;C:\Program Files\Git\usr\bin;C:\Users\bdbad\bin;C:\Program Files\Oculus\Support\oculus-runtime;C:\Python312\Scripts;C:\Python312;C:\Program Files\Eclipse Adoptium\jdk-21.0.4.7-hotspot\bin;C:\WINDOWS\system32;C:\WINDOWS;C:\WINDOWS\System32\Wbem;C:\WINDOWS\System32\WindowsPowerShell\v1.0;C:\WINDOWS\System32\OpenSSH;C:\Program Files\Git\cmd;C:\Program Files\apache-maven-3.9.9\bin;C:\Program Files\nodejs;C:\ProgramData\chocolatey\bin;C:\Users\bdbad\Downloads\apache-ant-1.10.15-bin\apache-ant-1.10.15\bin;C:\Users\bdbad\AppData\Local\Microsoft\WindowsApps;C:\Users\bdbad\AppData\Local\Programs\Microsoft VS Code\bin;C:\Program Files\apache-maven-3.9.9\apache-maven-3.9.9\bin;C:\Users\bdbad\AppData\Roaming\npm;C:\Program Files\Android\Android Studio\plugins\textmate\lib\bundles\dart\bin;C:\Users\bdbad\Downloads\CSE_216\flutter\bin;C:\Program Files\Git\usr\bin\vendor_perl;C:\Program Files\Git\usr\bin\core_perl;."/>
    <property name="java.vm.info" value="mixed mode, sharing"/>
    <property name="stderr.encoding" value="Cp1252"/>
    <property name="java.vendor" value="Eclipse Adoptium"/>
    <property name="java.vm.version" value="21.0.4+7-LTS"/>
    <property name="sun.io.unicode.encoding" value="UnicodeLittle"/>
    <property name="java.class.version" value="65.0"/>
  </properties>
  <testcase name="testApp" classname="bdb226.AppTest" time="0.007"/>
</testsuite>